2026-03-28 14:22:16,716 - tensorflow - WARNING - From C:\Users\donsi\OneDrive\Desktop\MINI\venv\Lib\site-packages\keras\src\backend.py:1398: The name tf.executing_eagerly_outside_functions is deprecated. Please use tf.compat.v1.executing_eagerly_outside_functions instead.

2026-03-28 14:22:17,051 - tensorflow - WARNING - From C:\Users\donsi\OneDrive\Desktop\MINI\venv\Lib\site-packages\keras\src\layers\normalization\batch_normalization.py:979: The name tf.nn.fused_batch_norm is deprecated. Please use tf.compat.v1.nn.fused_batch_norm instead.

2026-03-29 19:27:29,780 - tensorflow - WARNING - TensorFlow GPU support is not available on native Windows for TensorFlow >= 2.11. Even if CUDA/cuDNN are installed, GPU will not be used. Please use WSL2 or the TensorFlow-DirectML plugin.
2026-03-29 19:33:29,231 - tensorflow - WARNING - From C:\Users\donsi\AppData\Local\Programs\Python\Python311\Lib\site-packages\keras\src\backend\common\global_state.py:82: The name tf.reset_default_graph is deprecated. Please use tf.compat.v1.reset_default_graph instead.

2026-03-29 19:33:42,099 - tensorflow - WARNING - TensorFlow GPU support is not available on native Windows for TensorFlow >= 2.11. Even if CUDA/cuDNN are installed, GPU will not be used. Please use WSL2 or the TensorFlow-DirectML plugin.
2026-03-29 20:10:15,107 - tensorflow - WARNING - From C:\Users\donsi\OneDrive\Desktop\MINI\venv\Lib\site-packages\keras\src\backend.py:1398: The name tf.executing_eagerly_outside_functions is deprecated. Please use tf.compat.v1.executing_eagerly_outside_functions instead.

2026-03-29 20:10:15,618 - tensorflow - WARNING - From C:\Users\donsi\OneDrive\Desktop\MINI\venv\Lib\site-packages\keras\src\layers\normalization\batch_normalization.py:979: The name tf.nn.fused_batch_norm is deprecated. Please use tf.compat.v1.nn.fused_batch_norm instead.

2026-03-29 20:11:26,000 - pyswarms.single.global_best - INFO - Optimize for 5 iters with {'c1': 0.5, 'c2': 0.5, 'w': 0.9}
2026-03-29 20:11:49,972 - pyswarms.single.global_best - INFO - Optimization finished | best cost: -0.70751505629746, best pos: [0.66627463 0.82050656 0.54970805 ... 0.82002324 1.36480037 1.06613993]
2026-03-29 20:41:52,827 - tensorflow - WARNING - From C:\Users\donsi\OneDrive\Desktop\MINI\venv\Lib\site-packages\keras\src\losses.py:2976: The name tf.losses.sparse_softmax_cross_entropy is deprecated. Please use tf.compat.v1.losses.sparse_softmax_cross_entropy instead.

2026-03-29 20:42:08,283 - tensorflow - WARNING - From C:\Users\donsi\OneDrive\Desktop\MINI\venv\Lib\site-packages\keras\src\backend.py:1398: The name tf.executing_eagerly_outside_functions is deprecated. Please use tf.compat.v1.executing_eagerly_outside_functions instead.

2026-03-29 20:42:08,571 - tensorflow - WARNING - From C:\Users\donsi\OneDrive\Desktop\MINI\venv\Lib\site-packages\keras\src\layers\normalization\batch_normalization.py:979: The name tf.nn.fused_batch_norm is deprecated. Please use tf.compat.v1.nn.fused_batch_norm instead.

2026-03-29 21:35:44,095 - tensorflow - WARNING - From c:\Users\donsi\OneDrive\Desktop\MINI\venv\Lib\site-packages\keras\src\backend.py:1398: The name tf.executing_eagerly_outside_functions is deprecated. Please use tf.compat.v1.executing_eagerly_outside_functions instead.

2026-03-29 21:35:44,550 - tensorflow - WARNING - From c:\Users\donsi\OneDrive\Desktop\MINI\venv\Lib\site-packages\keras\src\layers\normalization\batch_normalization.py:979: The name tf.nn.fused_batch_norm is deprecated. Please use tf.compat.v1.nn.fused_batch_norm instead.

2026-03-29 21:37:43,979 - pyswarms.single.global_best - INFO - Optimize for 5 iters with {'c1': 0.5, 'c2': 0.5, 'w': 0.9}
2026-03-29 21:38:41,689 - pyswarms.single.global_best - INFO - Optimization finished | best cost: -0.7025212284442449, best pos: [0.64407291 0.0518991  0.68966055 ... 0.89631361 0.66724356 0.67638679]
2026-03-29 21:39:32,657 - tensorflow - WARNING - From C:\Users\donsi\AppData\Local\Programs\Python\Python311\Lib\site-packages\keras\src\backend\common\global_state.py:82: The name tf.reset_default_graph is deprecated. Please use tf.compat.v1.reset_default_graph instead.

2026-03-29 21:40:12,051 - tensorflow - WARNING - TensorFlow GPU support is not available on native Windows for TensorFlow >= 2.11. Even if CUDA/cuDNN are installed, GPU will not be used. Please use WSL2 or the TensorFlow-DirectML plugin.
2026-03-30 10:52:57,086 - tensorflow - WARNING - From C:\Users\donsi\OneDrive\Desktop\MINI\venv\Lib\site-packages\keras\src\backend.py:1398: The name tf.executing_eagerly_outside_functions is deprecated. Please use tf.compat.v1.executing_eagerly_outside_functions instead.

2026-03-30 10:52:57,978 - tensorflow - WARNING - From C:\Users\donsi\OneDrive\Desktop\MINI\venv\Lib\site-packages\keras\src\layers\normalization\batch_normalization.py:979: The name tf.nn.fused_batch_norm is deprecated. Please use tf.compat.v1.nn.fused_batch_norm instead.

2026-03-30 10:54:00,492 - pyswarms.single.global_best - INFO - Optimize for 5 iters with {'c1': 0.5, 'c2': 0.5, 'w': 0.9}
2026-03-30 10:54:25,042 - pyswarms.single.global_best - INFO - Optimization finished | best cost: -0.704990087158194, best pos: [0.30170716 0.614203   0.07410098 ... 0.54786866 0.80146512 0.7739297 ]
2026-03-30 10:54:29,825 - tensorflow - WARNING - From C:\Users\donsi\OneDrive\Desktop\MINI\venv\Lib\site-packages\keras\src\backend.py:1398: The name tf.executing_eagerly_outside_functions is deprecated. Please use tf.compat.v1.executing_eagerly_outside_functions instead.

2026-03-30 10:54:30,159 - tensorflow - WARNING - From C:\Users\donsi\OneDrive\Desktop\MINI\venv\Lib\site-packages\keras\src\layers\normalization\batch_normalization.py:979: The name tf.nn.fused_batch_norm is deprecated. Please use tf.compat.v1.nn.fused_batch_norm instead.

2026-03-30 10:55:58,535 - pyswarms.single.global_best - INFO - Optimize for 5 iters with {'c1': 0.5, 'c2': 0.5, 'w': 0.9}
2026-03-30 10:56:45,743 - pyswarms.single.global_best - INFO - Optimization finished | best cost: -0.7099652115363035, best pos: [0.83239207 0.64897776 0.16948437 ... 0.37871475 0.46297971 0.12414019]
2026-03-30 11:00:28,605 - tensorflow - WARNING - From C:\Users\donsi\OneDrive\Desktop\MINI\venv\Lib\site-packages\keras\src\backend.py:1398: The name tf.executing_eagerly_outside_functions is deprecated. Please use tf.compat.v1.executing_eagerly_outside_functions instead.

2026-03-30 11:00:28,908 - tensorflow - WARNING - From C:\Users\donsi\OneDrive\Desktop\MINI\venv\Lib\site-packages\keras\src\layers\normalization\batch_normalization.py:979: The name tf.nn.fused_batch_norm is deprecated. Please use tf.compat.v1.nn.fused_batch_norm instead.

2026-03-30 11:01:21,497 - tensorflow - WARNING - From C:\Users\donsi\OneDrive\Desktop\MINI\venv\Lib\site-packages\keras\src\backend.py:1398: The name tf.executing_eagerly_outside_functions is deprecated. Please use tf.compat.v1.executing_eagerly_outside_functions instead.

2026-03-30 11:01:21,685 - tensorflow - WARNING - From C:\Users\donsi\OneDrive\Desktop\MINI\venv\Lib\site-packages\keras\src\layers\normalization\batch_normalization.py:979: The name tf.nn.fused_batch_norm is deprecated. Please use tf.compat.v1.nn.fused_batch_norm instead.

2026-03-30 11:02:17,623 - pyswarms.single.global_best - INFO - Optimize for 5 iters with {'c1': 0.5, 'c2': 0.5, 'w': 0.9}
2026-03-30 11:02:33,453 - pyswarms.single.global_best - INFO - Optimization finished | best cost: -0.702465118018928, best pos: [0.82371597 0.44132938 0.23410074 ... 0.77729439 0.71165374 0.38179369]
2026-03-30 11:03:24,212 - tensorflow - WARNING - From C:\Users\donsi\OneDrive\Desktop\MINI\venv\Lib\site-packages\keras\src\backend.py:1398: The name tf.executing_eagerly_outside_functions is deprecated. Please use tf.compat.v1.executing_eagerly_outside_functions instead.

2026-03-30 11:03:24,474 - tensorflow - WARNING - From C:\Users\donsi\OneDrive\Desktop\MINI\venv\Lib\site-packages\keras\src\layers\normalization\batch_normalization.py:979: The name tf.nn.fused_batch_norm is deprecated. Please use tf.compat.v1.nn.fused_batch_norm instead.

2026-03-30 11:04:35,965 - pyswarms.single.global_best - INFO - Optimize for 5 iters with {'c1': 0.5, 'c2': 0.5, 'w': 0.9}
2026-03-30 11:05:23,038 - pyswarms.single.global_best - INFO - Optimization finished | best cost: -0.6974712901657129, best pos: [2.27560701 2.16266819 1.77273013 ... 0.9716432  1.97875851 0.56870403]
2026-03-30 11:27:31,969 - tensorflow - WARNING - From C:\Users\donsi\OneDrive\Desktop\MINI\venv\Lib\site-packages\keras\src\backend.py:1398: The name tf.executing_eagerly_outside_functions is deprecated. Please use tf.compat.v1.executing_eagerly_outside_functions instead.

2026-03-30 11:27:32,191 - tensorflow - WARNING - From C:\Users\donsi\OneDrive\Desktop\MINI\venv\Lib\site-packages\keras\src\layers\normalization\batch_normalization.py:979: The name tf.nn.fused_batch_norm is deprecated. Please use tf.compat.v1.nn.fused_batch_norm instead.

2026-03-30 11:28:17,296 - pyswarms.single.global_best - INFO - Optimize for 5 iters with {'c1': 0.5, 'c2': 0.5, 'w': 0.9}
2026-03-30 11:28:30,140 - pyswarms.single.global_best - INFO - Optimization finished | best cost: -0.6999775558298732, best pos: [0.45734618 0.65464556 0.35905689 ... 0.6880498  0.42885455 0.44962643]
2026-04-01 20:55:32,672 - tensorflow - WARNING - From C:\Users\donsi\AppData\Local\Programs\Python\Python311\Lib\site-packages\keras\src\backend\common\global_state.py:82: The name tf.reset_default_graph is deprecated. Please use tf.compat.v1.reset_default_graph instead.

2026-04-01 20:56:31,161 - tensorflow - WARNING - TensorFlow GPU support is not available on native Windows for TensorFlow >= 2.11. Even if CUDA/cuDNN are installed, GPU will not be used. Please use WSL2 or the TensorFlow-DirectML plugin.
2026-04-02 09:15:35,246 - tensorflow - WARNING - From C:\Users\donsi\OneDrive\Desktop\MINI\venv\Lib\site-packages\keras\src\backend.py:1398: The name tf.executing_eagerly_outside_functions is deprecated. Please use tf.compat.v1.executing_eagerly_outside_functions instead.

2026-04-02 09:15:35,855 - tensorflow - WARNING - From C:\Users\donsi\OneDrive\Desktop\MINI\venv\Lib\site-packages\keras\src\layers\normalization\batch_normalization.py:979: The name tf.nn.fused_batch_norm is deprecated. Please use tf.compat.v1.nn.fused_batch_norm instead.

2026-04-02 09:19:35,931 - pyswarms.single.global_best - INFO - Optimize for 5 iters with {'c1': 0.5, 'c2': 0.5, 'w': 0.9}
2026-04-02 09:21:07,314 - pyswarms.single.global_best - INFO - Optimization finished | best cost: -0.6999401488796618, best pos: [0.22166685 0.93940652 1.30325042 ... 1.69851558 0.89263544 1.36997349]
